2022-06-20 14:47:41,320 INFO c.m.s.SpringBootLog4j2Application - Starting SpringBootLog4j2Application using Java 16.0.2 on DESKTOP-LKGMG0H with PID 12296 (E:\My Projects\My Spring Boot Examples\spring-boot-log4j2\target\classes started by user in E:\My Projects\My Spring Boot Examples\spring-boot-log4j2)
2022-06-20 14:47:41,335 INFO c.m.s.SpringBootLog4j2Application - No active profile set, falling back to 1 default profile: "default"
2022-06-20 14:47:41,402 INFO o.s.b.d.e.DevToolsPropertyDefaultsPostProcessor - Devtools property defaults active! Set 'spring.devtools.add-properties' to 'false' to disable
2022-06-20 14:47:41,402 INFO o.s.b.d.e.DevToolsPropertyDefaultsPostProcessor - For additional web related logging consider setting the 'logging.level.web' property to 'DEBUG'
2022-06-20 14:47:42,417 INFO o.s.b.w.e.t.TomcatWebServer - Tomcat initialized with port(s): 8080 (http)
2022-06-20 14:47:42,437 INFO o.a.c.h.Http11NioProtocol - Initializing ProtocolHandler ["http-nio-8080"]
2022-06-20 14:47:42,437 INFO o.a.c.c.StandardService - Starting service [Tomcat]
2022-06-20 14:47:42,438 INFO o.a.c.c.StandardEngine - Starting Servlet engine: [Apache Tomcat/9.0.63]
2022-06-20 14:47:42,595 INFO o.a.c.c.C.[.[.[/] - Initializing Spring embedded WebApplicationContext
2022-06-20 14:47:42,595 INFO o.s.b.w.s.c.ServletWebServerApplicationContext - Root WebApplicationContext: initialization completed in 1192 ms
2022-06-20 14:47:42,987 INFO o.s.b.d.a.OptionalLiveReloadServer - LiveReload server is running on port 35729
2022-06-20 14:47:43,004 INFO o.a.c.h.Http11NioProtocol - Starting ProtocolHandler ["http-nio-8080"]
2022-06-20 14:47:43,028 INFO o.s.b.w.e.t.TomcatWebServer - Tomcat started on port(s): 8080 (http) with context path ''
2022-06-20 14:47:43,042 INFO c.m.s.SpringBootLog4j2Application - Started SpringBootLog4j2Application in 2.213 seconds (JVM running for 3.585)
2022-06-20 14:47:43,045 INFO c.m.s.SpringBootLog4j2Application - info
2022-06-20 14:47:43,046 WARN c.m.s.SpringBootLog4j2Application - warn
2022-06-20 14:47:43,046 ERROR c.m.s.SpringBootLog4j2Application - error
2022-06-20 14:48:53,319 INFO o.a.c.c.C.[.[.[/] - Initializing Spring DispatcherServlet 'dispatcherServlet'
2022-06-20 14:48:53,319 INFO o.s.w.s.DispatcherServlet - Initializing Servlet 'dispatcherServlet'
2022-06-20 14:48:53,321 INFO o.s.w.s.DispatcherServlet - Completed initialization in 1 ms
2022-06-20 14:50:56,458 INFO c.m.s.SpringBootLog4j2Application - Starting SpringBootLog4j2Application using Java 16.0.2 on DESKTOP-LKGMG0H with PID 12296 (E:\My Projects\My Spring Boot Examples\spring-boot-log4j2\target\classes started by user in E:\My Projects\My Spring Boot Examples\spring-boot-log4j2)
2022-06-20 14:50:56,459 INFO c.m.s.SpringBootLog4j2Application - No active profile set, falling back to 1 default profile: "default"
2022-06-20 14:50:56,677 INFO o.s.b.w.e.t.TomcatWebServer - Tomcat initialized with port(s): 8080 (http)
2022-06-20 14:50:56,678 INFO o.a.c.h.Http11NioProtocol - Initializing ProtocolHandler ["http-nio-8080"]
2022-06-20 14:50:56,679 INFO o.a.c.c.StandardService - Starting service [Tomcat]
2022-06-20 14:50:56,679 INFO o.a.c.c.StandardEngine - Starting Servlet engine: [Apache Tomcat/9.0.63]
2022-06-20 14:50:56,697 INFO o.a.c.c.C.[.[.[/] - Initializing Spring embedded WebApplicationContext
2022-06-20 14:50:56,697 INFO o.s.b.w.s.c.ServletWebServerApplicationContext - Root WebApplicationContext: initialization completed in 233 ms
2022-06-20 14:50:56,794 INFO o.s.b.d.a.OptionalLiveReloadServer - LiveReload server is running on port 35729
2022-06-20 14:50:56,804 INFO o.a.c.h.Http11NioProtocol - Starting ProtocolHandler ["http-nio-8080"]
2022-06-20 14:50:56,810 INFO o.s.b.w.e.t.TomcatWebServer - Tomcat started on port(s): 8080 (http) with context path ''
2022-06-20 14:50:56,818 INFO c.m.s.SpringBootLog4j2Application - Started SpringBootLog4j2Application in 0.453 seconds (JVM running for 197.36)
2022-06-20 14:50:56,821 INFO o.s.b.d.a.ConditionEvaluationDeltaLoggingListener - Condition evaluation unchanged
2022-06-20 14:50:56,822 INFO c.m.s.SpringBootLog4j2Application - info
2022-06-20 14:50:56,822 WARN c.m.s.SpringBootLog4j2Application - warn
2022-06-20 14:50:56,822 ERROR c.m.s.SpringBootLog4j2Application - error
2022-06-20 14:51:17,784 INFO o.a.c.c.C.[.[.[/] - Initializing Spring DispatcherServlet 'dispatcherServlet'
2022-06-20 14:51:17,784 INFO o.s.w.s.DispatcherServlet - Initializing Servlet 'dispatcherServlet'
2022-06-20 14:51:17,785 INFO o.s.w.s.DispatcherServlet - Completed initialization in 1 ms
2022-06-20 14:51:33,931 INFO o.s.b.a.SpringApplicationAdminMXBeanRegistrar$SpringApplicationAdmin - Application shutdown requested.
